SF:lib/features/auth/login/presenters/bloc/auth_state.dart
DA:4,3
DA:6,2
DA:7,2
DA:23,2
DA:25,2
DA:26,4
DA:34,3
DA:36,2
DA:37,4
LF:9
LH:9
end_of_record
SF:lib/features/auth/login/presenters/bloc/auth_bloc.dart
DA:13,3
DA:16,1
DA:18,1
DA:19,1
DA:20,1
DA:23,2
DA:27,2
DA:29,1
DA:31,1
DA:33,3
DA:35,1
DA:37,2
DA:41,2
DA:45,1
DA:46,3
LF:15
LH:15
end_of_record
SF:lib/features/auth/login/presenters/bloc/auth_event.dart
DA:4,3
DA:6,0
DA:7,0
DA:16,3
DA:18,2
DA:19,6
LF:6
LH:4
end_of_record
SF:lib/features/auth/login/domain/entities/login_response_item.dart
DA:7,8
DA:12,3
DA:13,3
DA:14,3
DA:15,3
DA:18,1
DA:21,1
DA:22,1
DA:23,1
DA:24,1
DA:28,0
DA:29,0
DA:30,0
DA:31,0
DA:32,0
LF:15
LH:10
end_of_record
SF:lib/features/auth/login/domain/usecases/login_user.dart
DA:8,1
DA:10,1
DA:12,2
LF:3
LH:3
end_of_record
SF:lib/features/auth/login/presenters/login_page.dart
DA:6,1
DA:8,1
DA:9,1
DA:16,1
DA:18,1
DA:19,1
DA:21,1
DA:23,1
DA:26,1
DA:28,1
DA:30,1
DA:31,1
DA:33,1
DA:34,1
DA:35,0
DA:36,0
DA:41,1
DA:45,1
DA:46,1
DA:51,1
DA:52,1
DA:54,1
DA:55,1
DA:56,0
DA:57,0
DA:62,1
DA:66,1
DA:67,1
DA:73,1
DA:74,1
DA:75,1
DA:76,3
DA:77,4
DA:79,1
DA:81,1
DA:82,1
DA:83,1
DA:84,1
DA:85,1
DA:86,1
DA:88,1
DA:89,1
DA:90,1
DA:91,2
DA:94,1
DA:95,0
DA:96,0
DA:99,1
LF:48
LH:42
end_of_record
SF:lib/features/auth/login/data/models/login_response_model.dart
DA:8,3
DA:13,2
DA:14,4
DA:15,4
DA:17,4
DA:18,2
DA:19,2
DA:22,1
DA:23,1
DA:24,1
DA:25,1
DA:28,4
DA:29,2
DA:30,2
DA:31,2
DA:35,0
LF:16
LH:15
end_of_record
SF:lib/features/auth/login/data/remote_data_sources/login_remote_data_source.dart
DA:13,1
DA:15,1
DA:17,2
DA:18,1
DA:20,1
DA:21,2
DA:24,2
DA:25,3
DA:27,1
LF:9
LH:9
end_of_record
SF:lib/features/auth/login/data/repositories/login_repository_impl.dart
DA:10,1
DA:12,1
DA:16,2
DA:17,2
DA:18,1
DA:19,2
DA:21,2
LF:7
LH:7
end_of_record
